<?xml version="1.0" encoding="UTF-8"?>
<!-- Generated by org.testng.reporters.JUnitReportReporter -->
<testsuite hostname="dell-PC" name="com.orangehrm.utils.CommonUtils" tests="1" failures="0" timestamp="28 May 2019 05:44:39 GMT" time="18.882" errors="0">
  <testcase name="method1" time="18.882" classname="com.orangehrm.utils.CommonUtils"/>
</testsuite> <!-- com.orangehrm.utils.CommonUtils -->
